2022.12.22 22:33:24 INFO  tracing is disabled for protocol LSP, to enable tracing of incoming and outgoing JSON messages create an empty file at c:\Users\Dot_c\OneDrive\ドキュメント\TE科 c言語ノート\2022後期\.metals\lsp.trace.json or C:\Users\Dot_c\AppData\Local\scalameta\metals\cache\lsp.trace.json
2022.12.22 22:33:26 INFO  logging to file C:\Users\Dot_c\OneDrive\ドキュメント\TE科 c言語ノート\2022後期\.metals\metals.log
2022.12.22 22:33:26 INFO  Started: Metals version 0.11.9 in workspace 'C:\Users\Dot_c\OneDrive\ドキュメント\TE科 c言語ノート\2022後期' for client Visual Studio Code 1.74.1.
2022.12.22 22:33:30 INFO  time: initialize in 4.37s
2022.12.22 22:33:32 WARN  Build server is not auto-connectable.
2022.12.22 22:33:32 WARN  no build tool detected in workspace 'C:\Users\Dot_c\OneDrive\ドキュメント\TE科 c言語ノート\2022後期'. The most common cause for this problem is that the editor was opened in the wrong working directory, for example if you use sbt then the workspace directory should contain build.sbt. 
2022.12.22 22:33:32 WARN  no build target for: C:\Users\Dot_c\OneDrive\ドキュメント\TE科 c言語ノート\2022後期\test.scala
12月 22, 2022 10:33:32 午後 org.eclipse.lsp4j.jsonrpc.RemoteEndpoint handleCancellation
警告: Unmatched cancel notification for request id 1
2022.12.22 22:35:18 INFO  no build target found for C:\Users\Dot_c\OneDrive\ドキュメント\TE科 c言語ノート\2022後期\test.scala. Using presentation compiler with project's scala-library version: 3.2.0
2022.12.22 23:42:53 INFO  shutting down Metals
2023.01.26 14:04:14 INFO  tracing is disabled for protocol LSP, to enable tracing of incoming and outgoing JSON messages create an empty file at c:\Users\Dot_c\OneDrive\ドキュメント\TE科 c言語ノート\2022後期\.metals\lsp.trace.json or C:\Users\Dot_c\AppData\Local\scalameta\metals\cache\lsp.trace.json
1月 26, 2023 2:04:15 午後 org.eclipse.lsp4j.jsonrpc.RemoteEndpoint fallbackResponseError
重大: Internal error: java.lang.IllegalArgumentException: Illegal character in path at index 98: file:///c:/Users/Dot_c/OneDrive/%E3%83%89%E3%82%AD%E3%83%A5%E3%83%A1%E3%83%B3%E3%83%88/TE%E7%A7%91 c%E8%A8%80%E8%AA%9E%E3%83%8E%E3%83%BC%E3%83%88/2022%E5%BE%8C%E6%9C%9F
java.util.concurrent.CompletionException: java.lang.IllegalArgumentException: Illegal character in path at index 98: file:///c:/Users/Dot_c/OneDrive/%E3%83%89%E3%82%AD%E3%83%A5%E3%83%A1%E3%83%B3%E3%83%88/TE%E7%A7%91 c%E8%A8%80%E8%AA%9E%E3%83%8E%E3%83%BC%E3%83%88/2022%E5%BE%8C%E6%9C%9F
	at java.base/java.util.concurrent.CompletableFuture.encodeThrowable(CompletableFuture.java:331)
	at java.base/java.util.concurrent.CompletableFuture.completeThrowable(CompletableFuture.java:346)
	at java.base/java.util.concurrent.CompletableFuture$UniAccept.tryFire(CompletableFuture.java:704)
	at java.base/java.util.concurrent.CompletableFuture.postComplete(CompletableFuture.java:506)
	at java.base/java.util.concurrent.CompletableFuture.completeExceptionally(CompletableFuture.java:2152)
	at scala.concurrent.java8.FuturesConvertersImpl$CF.apply(FutureConvertersImpl.scala:29)
	at scala.concurrent.java8.FuturesConvertersImpl$CF.apply(FutureConvertersImpl.scala:26)
	at scala.concurrent.impl.Promise$Transformation.run(Promise.scala:484)
	at scala.concurrent.ExecutionContext$parasitic$.execute(ExecutionContext.scala:222)
	at scala.concurrent.impl.Promise$Transformation.submitWithValue(Promise.scala:429)
	at scala.concurrent.impl.Promise$DefaultPromise.submitWithValue(Promise.scala:338)
	at scala.concurrent.impl.Promise$DefaultPromise.tryComplete0(Promise.scala:285)
	at scala.concurrent.impl.Promise$Transformation.run(Promise.scala:504)
	at java.base/java.util.concurrent.ThreadPoolExecutor.runWorker(ThreadPoolExecutor.java:1130)
	at java.base/java.util.concurrent.ThreadPoolExecutor$Worker.run(ThreadPoolExecutor.java:630)
	at java.base/java.lang.Thread.run(Thread.java:832)
Caused by: java.lang.IllegalArgumentException: Illegal character in path at index 98: file:///c:/Users/Dot_c/OneDrive/%E3%83%89%E3%82%AD%E3%83%A5%E3%83%A1%E3%83%B3%E3%83%88/TE%E7%A7%91 c%E8%A8%80%E8%AA%9E%E3%83%8E%E3%83%BC%E3%83%88/2022%E5%BE%8C%E6%9C%9F
	at java.base/java.net.URI.create(URI.java:906)
	at scala.meta.internal.mtags.MtagsEnrichments$XtensionStringMtags.toAbsolutePath(MtagsEnrichments.scala:158)
	at scala.meta.internal.metals.MetalsEnrichments$XtensionString.toAbsolutePath(MetalsEnrichments.scala:609)
	at scala.meta.internal.metals.MetalsEnrichments$XtensionString.toAbsolutePath(MetalsEnrichments.scala:606)
	at scala.meta.internal.metals.MetalsLanguageServer.updateWorkspaceDirectory(MetalsLanguageServer.scala:365)
	at scala.meta.internal.metals.MetalsLanguageServer.$anonfun$initialize$2(MetalsLanguageServer.scala:879)
	at scala.concurrent.Future$.$anonfun$apply$1(Future.scala:678)
	at scala.concurrent.impl.Promise$Transformation.run(Promise.scala:467)
	... 3 more
Caused by: java.net.URISyntaxException: Illegal character in path at index 98: file:///c:/Users/Dot_c/OneDrive/%E3%83%89%E3%82%AD%E3%83%A5%E3%83%A1%E3%83%B3%E3%83%88/TE%E7%A7%91 c%E8%A8%80%E8%AA%9E%E3%83%8E%E3%83%BC%E3%83%88/2022%E5%BE%8C%E6%9C%9F
	at java.base/java.net.URI$Parser.fail(URI.java:2963)
	at java.base/java.net.URI$Parser.checkChars(URI.java:3134)
	at java.base/java.net.URI$Parser.parseHierarchical(URI.java:3216)
	at java.base/java.net.URI$Parser.parse(URI.java:3164)
	at java.base/java.net.URI.<init>(URI.java:623)
	at java.base/java.net.URI.create(URI.java:904)
	... 10 more

2023.01.26 14:04:18 INFO  tracing is disabled for protocol LSP, to enable tracing of incoming and outgoing JSON messages create an empty file at c:\Users\Dot_c\OneDrive\ドキュメント\TE科 c言語ノート\2022後期\.metals\lsp.trace.json or C:\Users\Dot_c\AppData\Local\scalameta\metals\cache\lsp.trace.json
1月 26, 2023 2:04:19 午後 org.eclipse.lsp4j.jsonrpc.RemoteEndpoint fallbackResponseError
重大: Internal error: java.lang.IllegalArgumentException: Illegal character in path at index 98: file:///c:/Users/Dot_c/OneDrive/%E3%83%89%E3%82%AD%E3%83%A5%E3%83%A1%E3%83%B3%E3%83%88/TE%E7%A7%91 c%E8%A8%80%E8%AA%9E%E3%83%8E%E3%83%BC%E3%83%88/2022%E5%BE%8C%E6%9C%9F
java.util.concurrent.CompletionException: java.lang.IllegalArgumentException: Illegal character in path at index 98: file:///c:/Users/Dot_c/OneDrive/%E3%83%89%E3%82%AD%E3%83%A5%E3%83%A1%E3%83%B3%E3%83%88/TE%E7%A7%91 c%E8%A8%80%E8%AA%9E%E3%83%8E%E3%83%BC%E3%83%88/2022%E5%BE%8C%E6%9C%9F
	at java.base/java.util.concurrent.CompletableFuture.encodeThrowable(CompletableFuture.java:331)
	at java.base/java.util.concurrent.CompletableFuture.completeThrowable(CompletableFuture.java:346)
	at java.base/java.util.concurrent.CompletableFuture$UniAccept.tryFire(CompletableFuture.java:704)
	at java.base/java.util.concurrent.CompletableFuture.postComplete(CompletableFuture.java:506)
	at java.base/java.util.concurrent.CompletableFuture.completeExceptionally(CompletableFuture.java:2152)
	at scala.concurrent.java8.FuturesConvertersImpl$CF.apply(FutureConvertersImpl.scala:29)
	at scala.concurrent.java8.FuturesConvertersImpl$CF.apply(FutureConvertersImpl.scala:26)
	at scala.concurrent.impl.Promise$Transformation.run(Promise.scala:484)
	at scala.concurrent.ExecutionContext$parasitic$.execute(ExecutionContext.scala:222)
	at scala.concurrent.impl.Promise$Transformation.submitWithValue(Promise.scala:429)
	at scala.concurrent.impl.Promise$DefaultPromise.submitWithValue(Promise.scala:338)
	at scala.concurrent.impl.Promise$DefaultPromise.tryComplete0(Promise.scala:285)
	at scala.concurrent.impl.Promise$Transformation.run(Promise.scala:504)
	at java.base/java.util.concurrent.ThreadPoolExecutor.runWorker(ThreadPoolExecutor.java:1130)
	at java.base/java.util.concurrent.ThreadPoolExecutor$Worker.run(ThreadPoolExecutor.java:630)
	at java.base/java.lang.Thread.run(Thread.java:832)
Caused by: java.lang.IllegalArgumentException: Illegal character in path at index 98: file:///c:/Users/Dot_c/OneDrive/%E3%83%89%E3%82%AD%E3%83%A5%E3%83%A1%E3%83%B3%E3%83%88/TE%E7%A7%91 c%E8%A8%80%E8%AA%9E%E3%83%8E%E3%83%BC%E3%83%88/2022%E5%BE%8C%E6%9C%9F
	at java.base/java.net.URI.create(URI.java:906)
	at scala.meta.internal.mtags.MtagsEnrichments$XtensionStringMtags.toAbsolutePath(MtagsEnrichments.scala:158)
	at scala.meta.internal.metals.MetalsEnrichments$XtensionString.toAbsolutePath(MetalsEnrichments.scala:609)
	at scala.meta.internal.metals.MetalsEnrichments$XtensionString.toAbsolutePath(MetalsEnrichments.scala:606)
	at scala.meta.internal.metals.MetalsLanguageServer.updateWorkspaceDirectory(MetalsLanguageServer.scala:365)
	at scala.meta.internal.metals.MetalsLanguageServer.$anonfun$initialize$2(MetalsLanguageServer.scala:879)
	at scala.concurrent.Future$.$anonfun$apply$1(Future.scala:678)
	at scala.concurrent.impl.Promise$Transformation.run(Promise.scala:467)
	... 3 more
Caused by: java.net.URISyntaxException: Illegal character in path at index 98: file:///c:/Users/Dot_c/OneDrive/%E3%83%89%E3%82%AD%E3%83%A5%E3%83%A1%E3%83%B3%E3%83%88/TE%E7%A7%91 c%E8%A8%80%E8%AA%9E%E3%83%8E%E3%83%BC%E3%83%88/2022%E5%BE%8C%E6%9C%9F
	at java.base/java.net.URI$Parser.fail(URI.java:2963)
	at java.base/java.net.URI$Parser.checkChars(URI.java:3134)
	at java.base/java.net.URI$Parser.parseHierarchical(URI.java:3216)
	at java.base/java.net.URI$Parser.parse(URI.java:3164)
	at java.base/java.net.URI.<init>(URI.java:623)
	at java.base/java.net.URI.create(URI.java:904)
	... 10 more

2023.01.26 14:04:22 INFO  tracing is disabled for protocol LSP, to enable tracing of incoming and outgoing JSON messages create an empty file at c:\Users\Dot_c\OneDrive\ドキュメント\TE科 c言語ノート\2022後期\.metals\lsp.trace.json or C:\Users\Dot_c\AppData\Local\scalameta\metals\cache\lsp.trace.json
1月 26, 2023 2:04:23 午後 org.eclipse.lsp4j.jsonrpc.RemoteEndpoint fallbackResponseError
重大: Internal error: java.lang.IllegalArgumentException: Illegal character in path at index 98: file:///c:/Users/Dot_c/OneDrive/%E3%83%89%E3%82%AD%E3%83%A5%E3%83%A1%E3%83%B3%E3%83%88/TE%E7%A7%91 c%E8%A8%80%E8%AA%9E%E3%83%8E%E3%83%BC%E3%83%88/2022%E5%BE%8C%E6%9C%9F
java.util.concurrent.CompletionException: java.lang.IllegalArgumentException: Illegal character in path at index 98: file:///c:/Users/Dot_c/OneDrive/%E3%83%89%E3%82%AD%E3%83%A5%E3%83%A1%E3%83%B3%E3%83%88/TE%E7%A7%91 c%E8%A8%80%E8%AA%9E%E3%83%8E%E3%83%BC%E3%83%88/2022%E5%BE%8C%E6%9C%9F
	at java.base/java.util.concurrent.CompletableFuture.encodeThrowable(CompletableFuture.java:331)
	at java.base/java.util.concurrent.CompletableFuture.completeThrowable(CompletableFuture.java:346)
	at java.base/java.util.concurrent.CompletableFuture$UniAccept.tryFire(CompletableFuture.java:704)
	at java.base/java.util.concurrent.CompletableFuture.postComplete(CompletableFuture.java:506)
	at java.base/java.util.concurrent.CompletableFuture.completeExceptionally(CompletableFuture.java:2152)
	at scala.concurrent.java8.FuturesConvertersImpl$CF.apply(FutureConvertersImpl.scala:29)
	at scala.concurrent.java8.FuturesConvertersImpl$CF.apply(FutureConvertersImpl.scala:26)
	at scala.concurrent.impl.Promise$Transformation.run(Promise.scala:484)
	at scala.concurrent.ExecutionContext$parasitic$.execute(ExecutionContext.scala:222)
	at scala.concurrent.impl.Promise$Transformation.submitWithValue(Promise.scala:429)
	at scala.concurrent.impl.Promise$DefaultPromise.submitWithValue(Promise.scala:338)
	at scala.concurrent.impl.Promise$DefaultPromise.tryComplete0(Promise.scala:285)
	at scala.concurrent.impl.Promise$Transformation.run(Promise.scala:504)
	at java.base/java.util.concurrent.ThreadPoolExecutor.runWorker(ThreadPoolExecutor.java:1130)
	at java.base/java.util.concurrent.ThreadPoolExecutor$Worker.run(ThreadPoolExecutor.java:630)
	at java.base/java.lang.Thread.run(Thread.java:832)
Caused by: java.lang.IllegalArgumentException: Illegal character in path at index 98: file:///c:/Users/Dot_c/OneDrive/%E3%83%89%E3%82%AD%E3%83%A5%E3%83%A1%E3%83%B3%E3%83%88/TE%E7%A7%91 c%E8%A8%80%E8%AA%9E%E3%83%8E%E3%83%BC%E3%83%88/2022%E5%BE%8C%E6%9C%9F
	at java.base/java.net.URI.create(URI.java:906)
	at scala.meta.internal.mtags.MtagsEnrichments$XtensionStringMtags.toAbsolutePath(MtagsEnrichments.scala:158)
	at scala.meta.internal.metals.MetalsEnrichments$XtensionString.toAbsolutePath(MetalsEnrichments.scala:609)
	at scala.meta.internal.metals.MetalsEnrichments$XtensionString.toAbsolutePath(MetalsEnrichments.scala:606)
	at scala.meta.internal.metals.MetalsLanguageServer.updateWorkspaceDirectory(MetalsLanguageServer.scala:365)
	at scala.meta.internal.metals.MetalsLanguageServer.$anonfun$initialize$2(MetalsLanguageServer.scala:879)
	at scala.concurrent.Future$.$anonfun$apply$1(Future.scala:678)
	at scala.concurrent.impl.Promise$Transformation.run(Promise.scala:467)
	... 3 more
Caused by: java.net.URISyntaxException: Illegal character in path at index 98: file:///c:/Users/Dot_c/OneDrive/%E3%83%89%E3%82%AD%E3%83%A5%E3%83%A1%E3%83%B3%E3%83%88/TE%E7%A7%91 c%E8%A8%80%E8%AA%9E%E3%83%8E%E3%83%BC%E3%83%88/2022%E5%BE%8C%E6%9C%9F
	at java.base/java.net.URI$Parser.fail(URI.java:2963)
	at java.base/java.net.URI$Parser.checkChars(URI.java:3134)
	at java.base/java.net.URI$Parser.parseHierarchical(URI.java:3216)
	at java.base/java.net.URI$Parser.parse(URI.java:3164)
	at java.base/java.net.URI.<init>(URI.java:623)
	at java.base/java.net.URI.create(URI.java:904)
	... 10 more

2023.01.26 14:04:26 INFO  tracing is disabled for protocol LSP, to enable tracing of incoming and outgoing JSON messages create an empty file at c:\Users\Dot_c\OneDrive\ドキュメント\TE科 c言語ノート\2022後期\.metals\lsp.trace.json or C:\Users\Dot_c\AppData\Local\scalameta\metals\cache\lsp.trace.json
1月 26, 2023 2:04:26 午後 org.eclipse.lsp4j.jsonrpc.RemoteEndpoint fallbackResponseError
重大: Internal error: java.lang.IllegalArgumentException: Illegal character in path at index 98: file:///c:/Users/Dot_c/OneDrive/%E3%83%89%E3%82%AD%E3%83%A5%E3%83%A1%E3%83%B3%E3%83%88/TE%E7%A7%91 c%E8%A8%80%E8%AA%9E%E3%83%8E%E3%83%BC%E3%83%88/2022%E5%BE%8C%E6%9C%9F
java.util.concurrent.CompletionException: java.lang.IllegalArgumentException: Illegal character in path at index 98: file:///c:/Users/Dot_c/OneDrive/%E3%83%89%E3%82%AD%E3%83%A5%E3%83%A1%E3%83%B3%E3%83%88/TE%E7%A7%91 c%E8%A8%80%E8%AA%9E%E3%83%8E%E3%83%BC%E3%83%88/2022%E5%BE%8C%E6%9C%9F
	at java.base/java.util.concurrent.CompletableFuture.encodeThrowable(CompletableFuture.java:331)
	at java.base/java.util.concurrent.CompletableFuture.completeThrowable(CompletableFuture.java:346)
	at java.base/java.util.concurrent.CompletableFuture$UniAccept.tryFire(CompletableFuture.java:704)
	at java.base/java.util.concurrent.CompletableFuture.postComplete(CompletableFuture.java:506)
	at java.base/java.util.concurrent.CompletableFuture.completeExceptionally(CompletableFuture.java:2152)
	at scala.concurrent.java8.FuturesConvertersImpl$CF.apply(FutureConvertersImpl.scala:29)
	at scala.concurrent.java8.FuturesConvertersImpl$CF.apply(FutureConvertersImpl.scala:26)
	at scala.concurrent.impl.Promise$Transformation.run(Promise.scala:484)
	at scala.concurrent.ExecutionContext$parasitic$.execute(ExecutionContext.scala:222)
	at scala.concurrent.impl.Promise$Transformation.submitWithValue(Promise.scala:429)
	at scala.concurrent.impl.Promise$DefaultPromise.submitWithValue(Promise.scala:338)
	at scala.concurrent.impl.Promise$DefaultPromise.tryComplete0(Promise.scala:285)
	at scala.concurrent.impl.Promise$Transformation.run(Promise.scala:504)
	at java.base/java.util.concurrent.ThreadPoolExecutor.runWorker(ThreadPoolExecutor.java:1130)
	at java.base/java.util.concurrent.ThreadPoolExecutor$Worker.run(ThreadPoolExecutor.java:630)
	at java.base/java.lang.Thread.run(Thread.java:832)
Caused by: java.lang.IllegalArgumentException: Illegal character in path at index 98: file:///c:/Users/Dot_c/OneDrive/%E3%83%89%E3%82%AD%E3%83%A5%E3%83%A1%E3%83%B3%E3%83%88/TE%E7%A7%91 c%E8%A8%80%E8%AA%9E%E3%83%8E%E3%83%BC%E3%83%88/2022%E5%BE%8C%E6%9C%9F
	at java.base/java.net.URI.create(URI.java:906)
	at scala.meta.internal.mtags.MtagsEnrichments$XtensionStringMtags.toAbsolutePath(MtagsEnrichments.scala:158)
	at scala.meta.internal.metals.MetalsEnrichments$XtensionString.toAbsolutePath(MetalsEnrichments.scala:609)
	at scala.meta.internal.metals.MetalsEnrichments$XtensionString.toAbsolutePath(MetalsEnrichments.scala:606)
	at scala.meta.internal.metals.MetalsLanguageServer.updateWorkspaceDirectory(MetalsLanguageServer.scala:365)
	at scala.meta.internal.metals.MetalsLanguageServer.$anonfun$initialize$2(MetalsLanguageServer.scala:879)
	at scala.concurrent.Future$.$anonfun$apply$1(Future.scala:678)
	at scala.concurrent.impl.Promise$Transformation.run(Promise.scala:467)
	... 3 more
Caused by: java.net.URISyntaxException: Illegal character in path at index 98: file:///c:/Users/Dot_c/OneDrive/%E3%83%89%E3%82%AD%E3%83%A5%E3%83%A1%E3%83%B3%E3%83%88/TE%E7%A7%91 c%E8%A8%80%E8%AA%9E%E3%83%8E%E3%83%BC%E3%83%88/2022%E5%BE%8C%E6%9C%9F
	at java.base/java.net.URI$Parser.fail(URI.java:2963)
	at java.base/java.net.URI$Parser.checkChars(URI.java:3134)
	at java.base/java.net.URI$Parser.parseHierarchical(URI.java:3216)
	at java.base/java.net.URI$Parser.parse(URI.java:3164)
	at java.base/java.net.URI.<init>(URI.java:623)
	at java.base/java.net.URI.create(URI.java:904)
	... 10 more

2023.01.26 14:04:29 INFO  tracing is disabled for protocol LSP, to enable tracing of incoming and outgoing JSON messages create an empty file at c:\Users\Dot_c\OneDrive\ドキュメント\TE科 c言語ノート\2022後期\.metals\lsp.trace.json or C:\Users\Dot_c\AppData\Local\scalameta\metals\cache\lsp.trace.json
1月 26, 2023 2:04:30 午後 org.eclipse.lsp4j.jsonrpc.RemoteEndpoint fallbackResponseError
重大: Internal error: java.lang.IllegalArgumentException: Illegal character in path at index 98: file:///c:/Users/Dot_c/OneDrive/%E3%83%89%E3%82%AD%E3%83%A5%E3%83%A1%E3%83%B3%E3%83%88/TE%E7%A7%91 c%E8%A8%80%E8%AA%9E%E3%83%8E%E3%83%BC%E3%83%88/2022%E5%BE%8C%E6%9C%9F
java.util.concurrent.CompletionException: java.lang.IllegalArgumentException: Illegal character in path at index 98: file:///c:/Users/Dot_c/OneDrive/%E3%83%89%E3%82%AD%E3%83%A5%E3%83%A1%E3%83%B3%E3%83%88/TE%E7%A7%91 c%E8%A8%80%E8%AA%9E%E3%83%8E%E3%83%BC%E3%83%88/2022%E5%BE%8C%E6%9C%9F
	at java.base/java.util.concurrent.CompletableFuture.encodeThrowable(CompletableFuture.java:331)
	at java.base/java.util.concurrent.CompletableFuture.completeThrowable(CompletableFuture.java:346)
	at java.base/java.util.concurrent.CompletableFuture$UniAccept.tryFire(CompletableFuture.java:704)
	at java.base/java.util.concurrent.CompletableFuture.postComplete(CompletableFuture.java:506)
	at java.base/java.util.concurrent.CompletableFuture.completeExceptionally(CompletableFuture.java:2152)
	at scala.concurrent.java8.FuturesConvertersImpl$CF.apply(FutureConvertersImpl.scala:29)
	at scala.concurrent.java8.FuturesConvertersImpl$CF.apply(FutureConvertersImpl.scala:26)
	at scala.concurrent.impl.Promise$Transformation.run(Promise.scala:484)
	at scala.concurrent.ExecutionContext$parasitic$.execute(ExecutionContext.scala:222)
	at scala.concurrent.impl.Promise$Transformation.submitWithValue(Promise.scala:429)
	at scala.concurrent.impl.Promise$DefaultPromise.submitWithValue(Promise.scala:338)
	at scala.concurrent.impl.Promise$DefaultPromise.tryComplete0(Promise.scala:285)
	at scala.concurrent.impl.Promise$Transformation.run(Promise.scala:504)
	at java.base/java.util.concurrent.ThreadPoolExecutor.runWorker(ThreadPoolExecutor.java:1130)
	at java.base/java.util.concurrent.ThreadPoolExecutor$Worker.run(ThreadPoolExecutor.java:630)
	at java.base/java.lang.Thread.run(Thread.java:832)
Caused by: java.lang.IllegalArgumentException: Illegal character in path at index 98: file:///c:/Users/Dot_c/OneDrive/%E3%83%89%E3%82%AD%E3%83%A5%E3%83%A1%E3%83%B3%E3%83%88/TE%E7%A7%91 c%E8%A8%80%E8%AA%9E%E3%83%8E%E3%83%BC%E3%83%88/2022%E5%BE%8C%E6%9C%9F
	at java.base/java.net.URI.create(URI.java:906)
	at scala.meta.internal.mtags.MtagsEnrichments$XtensionStringMtags.toAbsolutePath(MtagsEnrichments.scala:158)
	at scala.meta.internal.metals.MetalsEnrichments$XtensionString.toAbsolutePath(MetalsEnrichments.scala:609)
	at scala.meta.internal.metals.MetalsEnrichments$XtensionString.toAbsolutePath(MetalsEnrichments.scala:606)
	at scala.meta.internal.metals.MetalsLanguageServer.updateWorkspaceDirectory(MetalsLanguageServer.scala:365)
	at scala.meta.internal.metals.MetalsLanguageServer.$anonfun$initialize$2(MetalsLanguageServer.scala:879)
	at scala.concurrent.Future$.$anonfun$apply$1(Future.scala:678)
	at scala.concurrent.impl.Promise$Transformation.run(Promise.scala:467)
	... 3 more
Caused by: java.net.URISyntaxException: Illegal character in path at index 98: file:///c:/Users/Dot_c/OneDrive/%E3%83%89%E3%82%AD%E3%83%A5%E3%83%A1%E3%83%B3%E3%83%88/TE%E7%A7%91 c%E8%A8%80%E8%AA%9E%E3%83%8E%E3%83%BC%E3%83%88/2022%E5%BE%8C%E6%9C%9F
	at java.base/java.net.URI$Parser.fail(URI.java:2963)
	at java.base/java.net.URI$Parser.checkChars(URI.java:3134)
	at java.base/java.net.URI$Parser.parseHierarchical(URI.java:3216)
	at java.base/java.net.URI$Parser.parse(URI.java:3164)
	at java.base/java.net.URI.<init>(URI.java:623)
	at java.base/java.net.URI.create(URI.java:904)
	... 10 more

